<?xml version="1.0" encoding="UTF-8"?>
<testsuite name="Tester" tests="1" skipped="0" failures="0" errors="0" timestamp="2018-11-27T20:46:05" hostname="ded" time="0.145">
  <properties/>
  <testcase name="lexerTest" classname="Tester" time="0.145"/>
  <system-out><![CDATA[]]></system-out>
  <system-err><![CDATA[]]></system-err>
</testsuite>
